-----2023-11-09 12:43:24-----

exceeded_tries - 
offir - 19
freight_cost - 
fuel_cost - 0

-----2023-11-28 15:28:42-----

exceeded_tries - 
offir - 19
freight_cost - 
fuel_cost - 0

-----2023-11-28 15:34:07-----

exceeded_tries - 
offir - 19
freight_cost - 
fuel_cost - 0

-----2023-11-28 15:35:27-----

exceeded_tries - 
offir - 19
freight_cost - 
fuel_cost - 0

-----2023-11-28 18:46:01-----

exceeded_tries - 
offir - 19
freight_cost - 
fuel_cost - 0

-----2023-11-28 18:46:54-----

exceeded_tries - 
offir - 19
freight_cost - 
fuel_cost - 0

-----2023-11-28 18:47:25-----

exceeded_tries - 
offir - 19
freight_cost - 
fuel_cost - 0

-----2023-11-28 18:50:39-----

exceeded_tries - 
offir - 19
freight_cost - 
fuel_cost - 0

-----2023-12-14 08:58:09-----

exceeded_tries - 
offir - 19
freight_cost - 
fuel_cost - 0

-----2023-12-14 08:58:26-----

exceeded_tries - 
offir - 19
freight_cost - 
fuel_cost - 0

-----2023-12-14 09:22:37-----

exceeded_tries - 
offir - 19
freight_cost - 
fuel_cost - 0

-----2023-12-14 10:44:01-----

exceeded_tries - 
offir - 19
freight_cost - 
fuel_cost - 0

-----2024-01-02 11:37:18-----

exceeded_tries - 
offir - 19
freight_cost - 
fuel_cost - 0

-----2024-01-02 11:37:48-----

exceeded_tries - 
offir - 19
freight_cost - 
fuel_cost - 0

-----2024-01-02 11:38:08-----

exceeded_tries - 
offir - 19
freight_cost - 
fuel_cost - 0

-----2024-02-13 14:31:51-----

exceeded_tries - 
offir - 
freight_cost - 
fuel_cost - 

-----2024-02-13 14:32:05-----

exceeded_tries - 
offir - 
freight_cost - 
fuel_cost - 

-----2024-03-01 15:48:04-----
flat_rate:12
exceeded_tries - 
offir - 19
freight_cost - 32
fuel_cost - 0

-----2024-03-01 15:49:15-----
flat_rate:12
exceeded_tries - 
offir - 19
freight_cost - 32
fuel_cost - 0

-----2024-03-12 19:41:50-----

exceeded_tries - 
offir - 
freight_cost - 
fuel_cost - 

-----2024-05-13 14:02:29-----

exceeded_tries - 
offir - 
freight_cost - 
fuel_cost - 

-----2024-05-13 14:02:45-----

exceeded_tries - 
offir - 
freight_cost - 
fuel_cost - 

-----2024-05-13 14:03:00-----

exceeded_tries - 
offir - 
freight_cost - 
fuel_cost - 

-----2024-05-28 07:37:58-----

exceeded_tries - 
offir - 19
freight_cost - 
fuel_cost - 0

