-----2023-10-11 12:52:26-----
Array
(
    [payment_status] => Completed
    [order_id] => 20047
)


-----2023-10-11 14:34:56-----
Array
(
    [payment_status] => Completed
    [order_id] => 20049
)


-----2023-10-11 21:04:44-----
Array
(
    [payment_status] => Completed
    [order_id] => 20050
)


-----2023-10-11 21:05:02-----
Array
(
    [payment_status] => Completed
    [order_id] => 20050
)


-----2023-10-11 21:51:26-----
Array
(
    [payment_status] => Completed
    [order_id] => 20051
)


-----2023-10-12 12:26:39-----
Array
(
    [payment_status] => Completed
    [order_id] => 20055
)


-----2023-10-12 13:00:00-----
Array
(
    [payment_status] => Completed
    [order_id] => 20057
)


-----2023-10-12 17:48:11-----
Array
(
    [payment_status] => Completed
    [order_id] => 20058
)


-----2023-10-13 20:03:24-----
Array
(
    [payment_status] => Completed
    [order_id] => 20065
)


-----2023-10-14 00:16:30-----
Array
(
    [payment_status] => Completed
    [order_id] => 20066
)


-----2023-10-14 06:40:21-----
Array
(
    [payment_status] => Completed
    [order_id] => 20068
)


-----2023-10-16 07:48:19-----
Array
(
    [payment_status] => Completed
    [order_id] => 20071
)


-----2023-10-16 09:32:21-----
Array
(
    [payment_status] => Completed
    [order_id] => 20072
)


-----2023-10-16 12:55:05-----
Array
(
    [payment_status] => Completed
    [order_id] => 20075
)


-----2023-10-16 14:38:34-----
Array
(
    [payment_status] => Completed
    [order_id] => 20076
)


-----2023-10-16 14:46:01-----
Array
(
    [payment_status] => Completed
    [order_id] => 20077
)


-----2023-10-16 17:26:16-----
Array
(
    [payment_status] => Completed
    [order_id] => 20078
)


-----2023-10-16 21:48:41-----
Array
(
    [payment_status] => Completed
    [order_id] => 20079
)


-----2023-10-17 05:42:22-----
Array
(
    [payment_status] => Completed
    [order_id] => 20080
)


-----2023-10-17 08:44:33-----
Array
(
    [payment_status] => Completed
    [order_id] => 20086
)


-----2023-10-17 12:20:24-----
Array
(
    [payment_status] => Completed
    [order_id] => 20169
)


-----2023-10-17 13:54:42-----
Array
(
    [payment_status] => Completed
    [order_id] => 20195
)


-----2023-10-17 14:24:14-----
Array
(
    [payment_status] => Completed
    [order_id] => 20199
)


-----2023-10-17 15:55:54-----
Array
(
    [payment_status] => Completed
    [order_id] => 20210
)


-----2023-10-17 19:08:26-----
Array
(
    [payment_status] => Completed
    [order_id] => 20211
)


-----2023-10-17 19:22:13-----
Array
(
    [payment_status] => Completed
    [order_id] => 20212
)


-----2023-10-17 19:28:57-----
Array
(
    [payment_status] => Completed
    [order_id] => 20213
)


-----2023-10-18 13:18:21-----
Array
(
    [payment_status] => Completed
    [order_id] => 20246
)


-----2023-10-18 15:15:28-----
Array
(
    [payment_status] => Completed
    [order_id] => 20250
)


-----2023-10-18 15:42:59-----
Array
(
    [payment_status] => Completed
    [order_id] => 20251
)


-----2023-10-18 17:45:24-----
Array
(
    [payment_status] => Completed
    [order_id] => 20254
)


-----2023-10-18 19:07:40-----
Array
(
    [payment_status] => Completed
    [order_id] => 20255
)


-----2023-10-19 09:38:30-----
Array
(
    [payment_status] => Completed
    [order_id] => 20257
)


-----2023-10-19 10:06:46-----
Array
(
    [payment_status] => Completed
    [order_id] => 20258
)


-----2023-10-20 03:51:10-----
Array
(
    [payment_status] => Completed
    [order_id] => 20260
)


-----2023-10-20 09:10:11-----
Array
(
    [payment_status] => Completed
    [order_id] => 20272
)


-----2023-10-20 12:00:57-----
Array
(
    [payment_status] => Completed
    [order_id] => 20273
)


-----2023-10-20 22:16:06-----
Array
(
    [payment_status] => Completed
    [order_id] => 20279
)


-----2023-10-21 01:04:45-----
Array
(
    [payment_status] => Completed
    [order_id] => 20280
)


-----2023-10-21 01:10:16-----
Array
(
    [payment_status] => Completed
    [order_id] => 20281
)


-----2023-10-21 07:13:23-----
Array
(
    [payment_status] => Completed
    [order_id] => 20256
)


-----2023-10-23 09:24:39-----
Array
(
    [payment_status] => Completed
    [order_id] => 20284
)


-----2023-10-23 14:25:00-----
Array
(
    [payment_status] => Completed
    [order_id] => 20287
)


-----2023-10-23 14:58:44-----
Array
(
    [payment_status] => Completed
    [order_id] => 20288
)


-----2023-10-23 15:22:25-----
Array
(
    [payment_status] => Completed
    [order_id] => 20289
)


-----2023-10-23 17:25:19-----
Array
(
    [payment_status] => Completed
    [order_id] => 20290
)


-----2023-10-23 17:38:16-----
Array
(
    [payment_status] => Completed
    [order_id] => 20291
)


-----2023-10-23 17:54:36-----
Array
(
    [payment_status] => Completed
    [order_id] => 20292
)


-----2023-10-23 21:37:08-----
Array
(
    [payment_status] => Completed
    [order_id] => 20293
)


-----2023-10-24 09:46:12-----
Array
(
    [payment_status] => Completed
    [order_id] => 20308
)


-----2023-10-24 12:20:55-----
Array
(
    [payment_status] => Completed
    [order_id] => 20310
)


-----2023-10-24 19:02:32-----
Array
(
    [payment_status] => Completed
    [order_id] => 20313
)


-----2023-10-24 19:04:09-----
Array
(
    [payment_status] => Completed
    [order_id] => 20314
)


-----2023-10-25 06:50:28-----
Array
(
    [payment_status] => Completed
    [order_id] => 20315
)


-----2023-10-25 08:16:14-----
Array
(
    [payment_status] => Completed
    [order_id] => 20317
)


-----2023-10-25 11:23:51-----
Array
(
    [payment_status] => Completed
    [order_id] => 20322
)


-----2023-10-25 13:25:02-----
Array
(
    [payment_status] => Completed
    [order_id] => 20323
)


-----2023-10-25 13:53:27-----
Array
(
    [payment_status] => Completed
    [order_id] => 20324
)


-----2023-10-25 15:26:51-----
Array
(
    [payment_status] => Completed
    [order_id] => 20325
)


-----2023-10-25 22:27:18-----
Array
(
    [payment_status] => Completed
    [order_id] => 20326
)


-----2023-10-25 23:14:29-----
Array
(
    [payment_status] => Completed
    [order_id] => 20327
)


-----2023-10-26 00:27:24-----
Array
(
    [payment_status] => Completed
    [order_id] => 20328
)


-----2023-10-26 16:42:50-----
Array
(
    [payment_status] => Completed
    [order_id] => 20330
)

-----2023-10-26 16:42:51-----
Array
(
    [payment_status] => Completed
    [order_id] => 20330
)



-----2023-10-26 23:32:40-----
Array
(
    [payment_status] => Completed
    [order_id] => 20331
)


-----2023-10-27 14:58:51-----
Array
(
    [payment_status] => Completed
    [order_id] => 20334
)


-----2023-10-27 15:43:59-----
Array
(
    [payment_status] => Completed
    [order_id] => 20335
)


-----2023-10-30 01:44:10-----
Array
(
    [payment_status] => Completed
    [order_id] => 20345
)


-----2023-10-30 14:42:15-----
Array
(
    [payment_status] => Completed
    [order_id] => 20349
)


-----2023-10-30 15:18:25-----
Array
(
    [payment_status] => Completed
    [order_id] => 20351
)


-----2023-10-31 02:17:24-----
Array
(
    [payment_status] => Completed
    [order_id] => 20353
)


-----2023-10-31 11:54:30-----
Array
(
    [payment_status] => Completed
    [order_id] => 20355
)


-----2023-10-31 19:07:34-----
Array
(
    [payment_status] => Completed
    [order_id] => 20360
)


-----2023-10-31 19:22:07-----
Array
(
    [payment_status] => Completed
    [order_id] => 20362
)


-----2023-10-31 21:18:00-----
Array
(
    [payment_status] => Completed
    [order_id] => 20363
)


-----2023-11-01 08:20:04-----
Array
(
    [payment_status] => Completed
    [order_id] => 20364
)


-----2023-11-01 14:38:54-----
Array
(
    [payment_status] => Completed
    [order_id] => 20366
)


-----2023-11-01 21:07:48-----
Array
(
    [payment_status] => Completed
    [order_id] => 20367
)


-----2023-11-02 13:06:46-----
Array
(
    [payment_status] => Completed
    [order_id] => 20368
)

-----2023-11-02 13:06:48-----
Array
(
    [payment_status] => Completed
    [order_id] => 20368
)



-----2023-11-02 19:32:03-----
Array
(
    [payment_status] => Completed
    [order_id] => 20369
)


-----2023-11-03 22:43:23-----
Array
(
    [payment_status] => Completed
    [order_id] => 20370
)


-----2023-11-06 10:45:33-----
Array
(
    [payment_status] => Completed
    [order_id] => 20375
)


-----2023-11-06 11:00:50-----
Array
(
    [payment_status] => Completed
    [order_id] => 20376
)


-----2023-11-06 12:25:31-----
Array
(
    [payment_status] => Completed
    [order_id] => 20377
)


-----2023-11-06 15:28:08-----
Array
(
    [payment_status] => Completed
    [order_id] => 20379
)


-----2023-11-06 16:27:19-----
Array
(
    [payment_status] => Completed
    [order_id] => 20380
)


-----2023-11-06 17:35:28-----
Array
(
    [payment_status] => Completed
    [order_id] => 20381
)


-----2023-11-06 17:50:05-----
Array
(
    [payment_status] => Completed
    [order_id] => 20382
)


-----2023-11-06 18:13:34-----
Array
(
    [payment_status] => Completed
    [order_id] => 20383
)


-----2023-11-06 23:58:41-----
Array
(
    [payment_status] => Completed
    [order_id] => 20384
)


-----2023-11-07 04:59:58-----
Array
(
    [payment_status] => Completed
    [order_id] => 20387
)


-----2023-11-07 09:32:10-----
Array
(
    [payment_status] => Completed
    [order_id] => 20389
)


-----2023-11-07 16:43:49-----
Array
(
    [payment_status] => Completed
    [order_id] => 20392
)


-----2023-11-07 21:49:17-----
Array
(
    [payment_status] => Completed
    [order_id] => 20396
)


-----2023-11-08 13:07:03-----
Array
(
    [payment_status] => Completed
    [order_id] => 20409
)


-----2023-11-08 19:19:59-----
Array
(
    [payment_status] => Completed
    [order_id] => 20411
)


-----2023-11-08 19:20:06-----
Array
(
    [payment_status] => Completed
    [order_id] => 20411
)


-----2023-11-08 20:12:14-----
Array
(
    [payment_status] => Completed
    [order_id] => 20412
)


-----2023-11-08 20:40:26-----
Array
(
    [payment_status] => Completed
    [order_id] => 20413
)


-----2023-11-09 09:59:22-----
Array
(
    [payment_status] => Completed
    [order_id] => 20416
)


-----2023-11-09 13:35:10-----
Array
(
    [payment_status] => Completed
    [order_id] => 20428
)


-----2023-11-09 17:02:32-----
Array
(
    [payment_status] => Completed
    [order_id] => 20433
)


-----2023-11-09 17:20:21-----
Array
(
    [payment_status] => Completed
    [order_id] => 20434
)


-----2023-11-09 21:05:00-----
Array
(
    [payment_status] => Completed
    [order_id] => 20436
)


-----2023-11-10 15:25:15-----
Array
(
    [payment_status] => Completed
    [order_id] => 20439
)


-----2023-11-10 15:26:55-----
Array
(
    [payment_status] => Completed
    [order_id] => 20440
)


-----2023-11-12 09:50:33-----
Array
(
    [payment_status] => Completed
    [order_id] => 20445
)


-----2023-11-13 12:14:06-----
Array
(
    [payment_status] => Completed
    [order_id] => 20457
)


-----2023-11-13 17:18:33-----
Array
(
    [payment_status] => Completed
    [order_id] => 20458
)


-----2023-11-13 18:39:34-----
Array
(
    [payment_status] => Completed
    [order_id] => 20459
)


-----2023-11-13 18:42:53-----
Array
(
    [payment_status] => Completed
    [order_id] => 20460
)


-----2023-11-13 18:46:14-----
Array
(
    [payment_status] => Completed
    [order_id] => 20461
)


-----2023-11-13 18:51:56-----
Array
(
    [payment_status] => Completed
    [order_id] => 20462
)


-----2023-11-13 18:54:48-----
Array
(
    [payment_status] => Completed
    [order_id] => 20463
)


-----2023-11-13 20:44:08-----
Array
(
    [payment_status] => Completed
    [order_id] => 20464
)


-----2023-11-14 04:13:19-----
Array
(
    [payment_status] => Completed
    [order_id] => 20467
)


-----2023-11-14 04:39:14-----
Array
(
    [payment_status] => Completed
    [order_id] => 20468
)


-----2023-11-14 06:01:51-----
Array
(
    [payment_status] => Completed
    [order_id] => 20472
)


-----2023-11-14 09:25:05-----
Array
(
    [payment_status] => Completed
    [order_id] => 20478
)


-----2023-11-14 10:36:09-----
Array
(
    [payment_status] => Completed
    [order_id] => 20479
)


-----2023-11-14 21:32:00-----
Array
(
    [payment_status] => Completed
    [order_id] => 20481
)


-----2023-11-14 22:20:59-----
Array
(
    [payment_status] => Completed
    [order_id] => 20482
)


-----2023-11-15 07:41:59-----
Array
(
    [payment_status] => Completed
    [order_id] => 20484
)


-----2023-11-15 08:23:43-----
Array
(
    [payment_status] => Completed
    [order_id] => 20486
)


-----2023-11-15 09:24:47-----
Array
(
    [payment_status] => Completed
    [order_id] => 20488
)


-----2023-11-15 15:19:39-----
Array
(
    [payment_status] => Completed
    [order_id] => 20490
)


-----2023-11-15 20:37:50-----
Array
(
    [payment_status] => Completed
    [order_id] => 20491
)


-----2023-11-16 08:30:31-----
Array
(
    [payment_status] => Completed
    [order_id] => 20506
)


-----2023-11-16 12:20:02-----
Array
(
    [payment_status] => Completed
    [order_id] => 20507
)


-----2023-11-16 17:16:00-----
Array
(
    [payment_status] => Completed
    [order_id] => 20508
)


-----2023-11-16 21:53:10-----
Array
(
    [payment_status] => Completed
    [order_id] => 20509
)


-----2023-11-16 22:46:48-----
Array
(
    [payment_status] => Completed
    [order_id] => 20510
)


-----2023-11-17 18:20:27-----
Array
(
    [payment_status] => Completed
    [order_id] => 20512
)


-----2023-11-17 19:44:57-----
Array
(
    [payment_status] => Completed
    [order_id] => 20514
)


-----2023-11-17 19:50:52-----
Array
(
    [payment_status] => Completed
    [order_id] => 20515
)


-----2023-11-17 21:54:33-----
Array
(
    [payment_status] => Completed
    [order_id] => 20517
)


-----2023-11-17 22:37:49-----
Array
(
    [payment_status] => Completed
    [order_id] => 20518
)


-----2023-11-17 22:41:00-----
Array
(
    [payment_status] => Completed
    [order_id] => 20519
)


-----2023-11-18 08:29:39-----
Array
(
    [payment_status] => Completed
    [order_id] => 20520
)


-----2023-11-20 03:52:37-----
Array
(
    [payment_status] => Completed
    [order_id] => 20532
)


-----2023-11-20 05:58:00-----
Array
(
    [payment_status] => Completed
    [order_id] => 20534
)


-----2023-11-20 08:14:16-----
Array
(
    [payment_status] => Completed
    [order_id] => 20535
)


-----2023-11-20 08:35:13-----
Array
(
    [payment_status] => Completed
    [order_id] => 20537
)


-----2023-11-20 11:54:57-----
Array
(
    [payment_status] => Completed
    [order_id] => 20538
)


-----2023-11-20 12:24:19-----
Array
(
    [payment_status] => Completed
    [order_id] => 20539
)


-----2023-11-20 16:30:40-----
Array
(
    [payment_status] => Completed
    [order_id] => 20541
)


-----2023-11-20 19:15:08-----
Array
(
    [payment_status] => Completed
    [order_id] => 20542
)


-----2023-11-20 19:23:15-----
Array
(
    [payment_status] => Completed
    [order_id] => 20543
)


-----2023-11-21 08:38:50-----
Array
(
    [payment_status] => Completed
    [order_id] => 20545
)


-----2023-11-21 09:12:45-----
Array
(
    [payment_status] => Completed
    [order_id] => 20546
)


-----2023-11-21 17:14:51-----
Array
(
    [payment_status] => Completed
    [order_id] => 20548
)


-----2023-11-21 17:21:42-----
Array
(
    [payment_status] => Completed
    [order_id] => 20549
)


-----2023-11-21 22:28:53-----
Array
(
    [payment_status] => Completed
    [order_id] => 20550
)


-----2023-11-21 22:39:31-----
Array
(
    [payment_status] => Completed
    [order_id] => 20552
)


-----2023-11-21 22:54:04-----
Array
(
    [payment_status] => Completed
    [order_id] => 20551
)


-----2023-11-21 23:03:07-----
Array
(
    [payment_status] => Completed
    [order_id] => 20553
)


-----2023-11-21 23:17:57-----
Array
(
    [payment_status] => Completed
    [order_id] => 20554
)


-----2023-11-22 08:46:46-----
Array
(
    [payment_status] => Completed
    [order_id] => 20555
)


-----2023-11-22 12:51:52-----
Array
(
    [payment_status] => Completed
    [order_id] => 20556
)


-----2023-11-22 14:49:09-----
Array
(
    [payment_status] => Completed
    [order_id] => 20557
)


-----2023-11-22 18:21:15-----
Array
(
    [payment_status] => Completed
    [order_id] => 20558
)


-----2023-11-22 18:33:37-----
Array
(
    [payment_status] => Completed
    [order_id] => 20559
)


-----2023-11-22 20:34:55-----
Array
(
    [payment_status] => Completed
    [order_id] => 20560
)


-----2023-11-23 02:17:39-----
Array
(
    [payment_status] => Completed
    [order_id] => 20561
)


-----2023-11-23 10:50:44-----
Array
(
    [payment_status] => Completed
    [order_id] => 20562
)


-----2023-11-23 13:41:33-----
Array
(
    [payment_status] => Completed
    [order_id] => 20564
)


-----2023-11-23 20:34:12-----
Array
(
    [payment_status] => Completed
    [order_id] => 20565
)


-----2023-11-24 05:19:45-----
Array
(
    [payment_status] => Completed
    [order_id] => 20567
)


-----2023-11-24 10:26:34-----
Array
(
    [payment_status] => Completed
    [order_id] => 20568
)


-----2023-11-24 13:15:39-----
Array
(
    [payment_status] => Completed
    [order_id] => 20569
)


-----2023-11-27 12:27:57-----
Array
(
    [payment_status] => Completed
    [order_id] => 20572
)


-----2023-11-27 15:22:08-----
Array
(
    [payment_status] => Completed
    [order_id] => 20574
)


-----2023-11-27 16:13:30-----
Array
(
    [payment_status] => Completed
    [order_id] => 20575
)


-----2023-11-28 05:19:33-----
Array
(
    [payment_status] => Completed
    [order_id] => 20579
)


-----2023-11-28 17:32:57-----
Array
(
    [payment_status] => Completed
    [order_id] => 20586
)


-----2023-11-28 18:53:43-----
Array
(
    [payment_status] => Completed
    [order_id] => 20593
)


-----2023-11-28 19:00:53-----
Array
(
    [payment_status] => Completed
    [order_id] => 20594
)

Array
(
    [0] => stdClass Object
        (
            [errorCode] => METHOD_NOT_ALLOWED
            [message] => HTTP Method 'PATCH' not allowed. Allowed are HEAD,GET,POST
        )

)

-----2023-11-28 22:59:57-----
Array
(
    [payment_status] => Completed
    [order_id] => 20601
)


-----2023-11-30 01:24:21-----
Array
(
    [payment_status] => Completed
    [order_id] => 20609
)


-----2023-11-30 09:53:12-----
Array
(
    [payment_status] => Completed
    [order_id] => 20610
)


-----2023-11-30 16:02:10-----
Array
(
    [payment_status] => Completed
    [order_id] => 20613
)


-----2023-11-30 16:13:08-----
Array
(
    [payment_status] => Completed
    [order_id] => 20614
)


-----2023-11-30 17:01:55-----
Array
(
    [payment_status] => Completed
    [order_id] => 20616
)


-----2023-11-30 17:04:05-----
Array
(
    [payment_status] => Completed
    [order_id] => 20615
)


-----2023-11-30 17:58:16-----
Array
(
    [payment_status] => Completed
    [order_id] => 20617
)


-----2023-11-30 18:02:24-----
Array
(
    [payment_status] => Completed
    [order_id] => 20618
)


-----2023-11-30 19:41:52-----
Array
(
    [payment_status] => Completed
    [order_id] => 20619
)


-----2023-12-01 10:48:38-----
Array
(
    [payment_status] => Completed
    [order_id] => 20620
)


-----2023-12-02 00:22:37-----
Array
(
    [payment_status] => Completed
    [order_id] => 20622
)


-----2023-12-03 13:48:08-----
Array
(
    [payment_status] => Completed
    [order_id] => 20623
)


-----2023-12-04 14:17:54-----
Array
(
    [payment_status] => Completed
    [order_id] => 20635
)


-----2023-12-04 19:25:55-----
Array
(
    [payment_status] => Completed
    [order_id] => 20642
)


-----2023-12-05 08:55:22-----
Array
(
    [payment_status] => Completed
    [order_id] => 20644
)


-----2023-12-05 09:29:42-----
Array
(
    [payment_status] => Completed
    [order_id] => 20645
)


-----2023-12-05 10:06:05-----
Array
(
    [payment_status] => Completed
    [order_id] => 20647
)


-----2023-12-05 10:39:47-----
Array
(
    [payment_status] => Completed
    [order_id] => 20650
)


-----2023-12-05 16:04:14-----
Array
(
    [payment_status] => Completed
    [order_id] => 20651
)


-----2023-12-06 13:51:17-----
Array
(
    [payment_status] => Completed
    [order_id] => 20665
)


-----2023-12-06 19:05:59-----
Array
(
    [payment_status] => Completed
    [order_id] => 20668
)


-----2023-12-06 19:06:11-----
Array
(
    [payment_status] => Completed
    [order_id] => 20668
)


-----2023-12-06 22:06:40-----
Array
(
    [payment_status] => Completed
    [order_id] => 20669
)


-----2023-12-07 16:26:47-----
Array
(
    [payment_status] => Completed
    [order_id] => 20700
)


-----2023-12-07 17:28:40-----
Array
(
    [payment_status] => Completed
    [order_id] => 20701
)


-----2023-12-07 20:12:10-----
Array
(
    [payment_status] => Completed
    [order_id] => 20702
)


-----2023-12-07 20:16:17-----
Array
(
    [payment_status] => Completed
    [order_id] => 20703
)


-----2023-12-07 21:11:28-----
Array
(
    [payment_status] => Completed
    [order_id] => 20704
)


-----2023-12-08 13:37:55-----
Array
(
    [payment_status] => Completed
    [order_id] => 20707
)


-----2023-12-08 21:11:19-----
Array
(
    [payment_status] => Completed
    [order_id] => 20710
)


-----2023-12-09 16:22:45-----
Array
(
    [payment_status] => Completed
    [order_id] => 20711
)


-----2023-12-11 15:10:42-----
Array
(
    [payment_status] => Completed
    [order_id] => 20720
)


-----2023-12-11 17:23:46-----
Array
(
    [payment_status] => Completed
    [order_id] => 20721
)


-----2023-12-11 19:25:18-----
Array
(
    [payment_status] => Completed
    [order_id] => 20722
)


-----2023-12-11 21:21:07-----
Array
(
    [payment_status] => Completed
    [order_id] => 20723
)


-----2023-12-12 07:11:12-----
Array
(
    [payment_status] => Completed
    [order_id] => 20724
)


-----2023-12-12 08:00:58-----
Array
(
    [payment_status] => Completed
    [order_id] => 20725
)


-----2023-12-12 15:52:38-----
Array
(
    [payment_status] => Completed
    [order_id] => 20732
)


-----2023-12-12 15:54:33-----
Array
(
    [payment_status] => Completed
    [order_id] => 20733
)


-----2023-12-12 16:29:35-----
Array
(
    [payment_status] => Completed
    [order_id] => 20734
)


-----2023-12-12 22:28:06-----
Array
(
    [payment_status] => Completed
    [order_id] => 20735
)


-----2023-12-13 03:53:15-----
Array
(
    [payment_status] => Completed
    [order_id] => 20736
)


-----2023-12-13 13:59:35-----
Array
(
    [payment_status] => Completed
    [order_id] => 20744
)


-----2023-12-13 15:52:08-----
Array
(
    [payment_status] => Completed
    [order_id] => 20745
)


-----2023-12-14 00:01:56-----
Array
(
    [payment_status] => Completed
    [order_id] => 20746
)


-----2023-12-14 01:50:33-----
Array
(
    [payment_status] => Completed
    [order_id] => 20749
)


-----2023-12-14 08:59:17-----
Array
(
    [payment_status] => Completed
    [order_id] => 20752
)


-----2023-12-14 10:47:35-----
Array
(
    [payment_status] => Completed
    [order_id] => 20757
)


-----2023-12-14 16:08:57-----
Array
(
    [payment_status] => Completed
    [order_id] => 20758
)


-----2023-12-14 16:49:43-----
Array
(
    [payment_status] => Completed
    [order_id] => 20761
)


-----2023-12-14 16:52:18-----
Array
(
    [payment_status] => Completed
    [order_id] => 20762
)


-----2023-12-14 17:25:56-----
Array
(
    [payment_status] => Completed
    [order_id] => 20763
)


-----2023-12-15 04:17:25-----
Array
(
    [payment_status] => Completed
    [order_id] => 20768
)


-----2023-12-15 07:13:43-----
Array
(
    [payment_status] => Completed
    [order_id] => 20769
)


-----2023-12-15 10:39:07-----
Array
(
    [payment_status] => Completed
    [order_id] => 20770
)


-----2023-12-17 04:17:13-----
Array
(
    [payment_status] => Completed
    [order_id] => 20774
)


-----2023-12-18 09:19:21-----
Array
(
    [payment_status] => Completed
    [order_id] => 20778
)


-----2023-12-18 14:13:03-----
Array
(
    [payment_status] => Completed
    [order_id] => 20795
)


-----2023-12-18 14:58:28-----
Array
(
    [payment_status] => Completed
    [order_id] => 20797
)


-----2023-12-18 15:54:02-----
Array
(
    [payment_status] => Completed
    [order_id] => 20798
)


-----2023-12-18 20:32:51-----
Array
(
    [payment_status] => Completed
    [order_id] => 20799
)


-----2023-12-19 17:38:29-----
Array
(
    [payment_status] => Completed
    [order_id] => 20806
)


-----2023-12-19 22:12:36-----
Array
(
    [payment_status] => Completed
    [order_id] => 20807
)


-----2023-12-19 22:12:47-----
Array
(
    [payment_status] => Completed
    [order_id] => 20807
)


-----2023-12-20 05:00:58-----
Array
(
    [payment_status] => Completed
    [order_id] => 20808
)


-----2023-12-20 09:34:24-----
Array
(
    [payment_status] => Completed
    [order_id] => 20809
)


-----2023-12-20 17:19:54-----
Array
(
    [payment_status] => Completed
    [order_id] => 20811
)


-----2023-12-20 21:15:27-----
Array
(
    [payment_status] => Completed
    [order_id] => 20813
)


-----2023-12-21 00:54:51-----
Array
(
    [payment_status] => Completed
    [order_id] => 20814
)


-----2023-12-21 01:57:01-----
Array
(
    [payment_status] => Completed
    [order_id] => 20815
)


-----2023-12-21 07:16:10-----
Array
(
    [payment_status] => Completed
    [order_id] => 20816
)


-----2023-12-21 14:56:40-----
Array
(
    [payment_status] => Completed
    [order_id] => 20817
)


-----2023-12-21 15:39:35-----
Array
(
    [payment_status] => Completed
    [order_id] => 20818
)


-----2023-12-21 23:14:25-----
Array
(
    [payment_status] => Completed
    [order_id] => 20819
)


-----2023-12-22 13:43:03-----
Array
(
    [payment_status] => Completed
    [order_id] => 20820
)


-----2023-12-23 21:35:47-----
Array
(
    [payment_status] => Completed
    [order_id] => 20821
)


-----2023-12-24 10:35:26-----
Array
(
    [payment_status] => Completed
    [order_id] => 20825
)


-----2023-12-26 02:34:52-----
Array
(
    [payment_status] => Completed
    [order_id] => 20828
)


-----2023-12-26 02:35:08-----
Array
(
    [payment_status] => Completed
    [order_id] => 20828
)


-----2023-12-26 07:43:58-----
Array
(
    [payment_status] => Completed
    [order_id] => 20830
)


-----2023-12-27 17:07:37-----
Array
(
    [payment_status] => Completed
    [order_id] => 20834
)


-----2023-12-27 18:50:30-----
Array
(
    [payment_status] => Completed
    [order_id] => 20836
)


-----2023-12-28 09:59:34-----
Array
(
    [payment_status] => Completed
    [order_id] => 20837
)


-----2023-12-29 13:00:32-----
Array
(
    [payment_status] => Completed
    [order_id] => 20841
)


-----2023-12-29 17:32:33-----
Array
(
    [payment_status] => Completed
    [order_id] => 20842
)


-----2024-01-02 05:48:21-----
Array
(
    [payment_status] => Completed
    [order_id] => 20851
)


-----2024-01-02 08:15:55-----
Array
(
    [payment_status] => Completed
    [order_id] => 20852
)


-----2024-01-02 17:09:00-----
Array
(
    [payment_status] => Completed
    [order_id] => 20857
)


-----2024-01-02 19:16:57-----
Array
(
    [payment_status] => Completed
    [order_id] => 20859
)


-----2024-01-03 06:30:53-----
Array
(
    [payment_status] => Completed
    [order_id] => 20860
)


-----2024-01-03 14:39:04-----
Array
(
    [payment_status] => Completed
    [order_id] => 20874
)

-----2024-01-03 14:39:06-----
Array
(
    [payment_status] => Completed
    [order_id] => 20874
)



-----2024-01-03 17:20:53-----
Array
(
    [payment_status] => Completed
    [order_id] => 20875
)


-----2024-01-03 21:46:47-----
Array
(
    [payment_status] => Completed
    [order_id] => 20876
)


-----2024-01-03 21:46:57-----
Array
(
    [payment_status] => Completed
    [order_id] => 20876
)


-----2024-01-04 19:42:11-----
Array
(
    [payment_status] => Completed
    [order_id] => 20879
)


-----2024-01-05 13:49:25-----
Array
(
    [payment_status] => Completed
    [order_id] => 20880
)


-----2024-01-05 13:49:34-----
Array
(
    [payment_status] => Completed
    [order_id] => 20880
)


-----2024-01-05 22:17:33-----
Array
(
    [payment_status] => Completed
    [order_id] => 20881
)


-----2024-01-05 22:32:57-----
Array
(
    [payment_status] => Completed
    [order_id] => 20882
)


-----2024-01-06 01:31:01-----
Array
(
    [payment_status] => Completed
    [order_id] => 20883
)


-----2024-01-06 03:50:29-----
Array
(
    [payment_status] => Completed
    [order_id] => 20884
)


-----2024-01-06 03:50:40-----
Array
(
    [payment_status] => Completed
    [order_id] => 20884
)


-----2024-01-07 20:24:45-----
Array
(
    [payment_status] => Completed
    [order_id] => 20886
)


-----2024-01-07 20:24:55-----
Array
(
    [payment_status] => Completed
    [order_id] => 20886
)


-----2024-01-08 01:17:19-----
Array
(
    [payment_status] => Completed
    [order_id] => 20887
)


-----2024-01-08 17:54:38-----
Array
(
    [payment_status] => Completed
    [order_id] => 20890
)


-----2024-01-08 17:54:52-----
Array
(
    [payment_status] => Completed
    [order_id] => 20890
)


-----2024-01-09 01:56:42-----
Array
(
    [payment_status] => Completed
    [order_id] => 20893
)


-----2024-01-09 09:51:09-----
Array
(
    [payment_status] => Completed
    [order_id] => 20894
)


-----2024-01-09 15:38:36-----
Array
(
    [payment_status] => Completed
    [order_id] => 20895
)


-----2024-01-09 16:00:15-----
Array
(
    [payment_status] => Completed
    [order_id] => 20896
)


-----2024-01-10 07:56:02-----
Array
(
    [payment_status] => Completed
    [order_id] => 20897
)


-----2024-01-10 15:36:43-----
Array
(
    [payment_status] => Completed
    [order_id] => 20902
)


-----2024-01-10 17:32:54-----
Array
(
    [payment_status] => Completed
    [order_id] => 20903
)


-----2024-01-10 20:51:24-----
Array
(
    [payment_status] => Completed
    [order_id] => 20904
)


-----2024-01-10 21:50:37-----
Array
(
    [payment_status] => Completed
    [order_id] => 20905
)


-----2024-01-11 12:37:30-----
Array
(
    [payment_status] => Completed
    [order_id] => 20910
)


-----2024-01-11 15:46:56-----
Array
(
    [payment_status] => Completed
    [order_id] => 20912
)


-----2024-01-11 17:45:48-----
Array
(
    [payment_status] => Completed
    [order_id] => 20914
)


-----2024-01-11 17:46:05-----
Array
(
    [payment_status] => Completed
    [order_id] => 20914
)


-----2024-01-11 18:25:47-----
Array
(
    [payment_status] => Completed
    [order_id] => 20915
)


-----2024-01-11 20:29:03-----
Array
(
    [payment_status] => Completed
    [order_id] => 20916
)


-----2024-01-11 20:29:08-----
Array
(
    [payment_status] => Completed
    [order_id] => 20916
)


-----2024-01-11 20:51:53-----
Array
(
    [payment_status] => Completed
    [order_id] => 20917
)


-----2024-01-11 22:13:28-----
Array
(
    [payment_status] => Completed
    [order_id] => 20918
)


-----2024-01-12 00:03:34-----
Array
(
    [payment_status] => Completed
    [order_id] => 20919
)


-----2024-01-12 00:13:13-----
Array
(
    [payment_status] => Completed
    [order_id] => 20921
)


-----2024-01-12 12:10:48-----
Array
(
    [payment_status] => Completed
    [order_id] => 20922
)


-----2024-01-12 13:45:06-----
Array
(
    [payment_status] => Completed
    [order_id] => 20926
)


-----2024-01-15 01:35:10-----
Array
(
    [payment_status] => Completed
    [order_id] => 20927
)


-----2024-01-15 02:13:51-----
Array
(
    [payment_status] => Completed
    [order_id] => 20929
)


-----2024-01-16 20:42:45-----
Array
(
    [payment_status] => Completed
    [order_id] => 20941
)


-----2024-01-17 10:46:27-----
Array
(
    [payment_status] => Completed
    [order_id] => 20942
)


-----2024-01-17 10:46:33-----
Array
(
    [payment_status] => Completed
    [order_id] => 20942
)


-----2024-01-17 13:28:22-----
Array
(
    [payment_status] => Completed
    [order_id] => 20943
)


-----2024-01-17 17:29:11-----
Array
(
    [payment_status] => Completed
    [order_id] => 20946
)


-----2024-01-17 19:13:42-----
Array
(
    [payment_status] => Completed
    [order_id] => 20948
)


-----2024-01-18 09:08:32-----
Array
(
    [payment_status] => Completed
    [order_id] => 20951
)


-----2024-01-18 11:13:04-----
Array
(
    [payment_status] => Completed
    [order_id] => 20952
)


-----2024-01-18 14:34:10-----
Array
(
    [payment_status] => Completed
    [order_id] => 20954
)


-----2024-01-18 14:51:42-----
Array
(
    [payment_status] => Completed
    [order_id] => 20955
)


-----2024-01-19 09:43:14-----
Array
(
    [payment_status] => Completed
    [order_id] => 20959
)


-----2024-01-19 13:42:06-----
Array
(
    [payment_status] => Completed
    [order_id] => 20960
)


-----2024-01-19 20:51:31-----
Array
(
    [payment_status] => Completed
    [order_id] => 20965
)


-----2024-01-19 21:19:59-----
Array
(
    [payment_status] => Completed
    [order_id] => 20966
)


-----2024-01-20 03:09:11-----
Array
(
    [payment_status] => Completed
    [order_id] => 20967
)


-----2024-01-20 23:50:48-----
Array
(
    [payment_status] => Completed
    [order_id] => 20969
)


-----2024-01-21 04:20:13-----
Array
(
    [payment_status] => Completed
    [order_id] => 20970
)


-----2024-01-21 21:16:32-----
Array
(
    [payment_status] => Completed
    [order_id] => 20971
)


-----2024-01-22 02:18:57-----
Array
(
    [payment_status] => Completed
    [order_id] => 20974
)


-----2024-01-22 08:32:25-----
Array
(
    [payment_status] => Completed
    [order_id] => 20975
)


-----2024-01-22 17:22:39-----
Array
(
    [payment_status] => Completed
    [order_id] => 20986
)


-----2024-01-22 19:23:48-----
Array
(
    [payment_status] => Completed
    [order_id] => 20987
)


-----2024-01-23 07:20:05-----
Array
(
    [payment_status] => Completed
    [order_id] => 20992
)


-----2024-01-23 10:37:03-----
Array
(
    [payment_status] => Completed
    [order_id] => 20994
)


-----2024-01-23 12:53:15-----
Array
(
    [payment_status] => Completed
    [order_id] => 20995
)


-----2024-01-23 17:55:36-----
Array
(
    [payment_status] => Completed
    [order_id] => 20997
)


-----2024-01-24 08:18:54-----
Array
(
    [payment_status] => Completed
    [order_id] => 20998
)


-----2024-01-24 14:10:21-----
Array
(
    [payment_status] => Completed
    [order_id] => 21006
)


-----2024-01-24 23:42:32-----
Array
(
    [payment_status] => Completed
    [order_id] => 21009
)


-----2024-01-25 14:09:41-----
Array
(
    [payment_status] => Completed
    [order_id] => 21012
)


-----2024-01-25 15:07:39-----
Array
(
    [payment_status] => Completed
    [order_id] => 21013
)


-----2024-01-25 16:24:49-----
Array
(
    [payment_status] => Completed
    [order_id] => 21015
)


-----2024-01-25 16:35:28-----
Array
(
    [payment_status] => Completed
    [order_id] => 21016
)


-----2024-01-25 16:48:41-----
Array
(
    [payment_status] => Completed
    [order_id] => 21017
)


-----2024-01-26 00:20:09-----
Array
(
    [payment_status] => Completed
    [order_id] => 21019
)


-----2024-01-26 03:42:21-----
Array
(
    [payment_status] => Completed
    [order_id] => 21020
)


-----2024-01-26 08:00:51-----
Array
(
    [payment_status] => Completed
    [order_id] => 21022
)


-----2024-01-26 12:10:34-----
Array
(
    [payment_status] => Completed
    [order_id] => 21025
)


-----2024-01-26 12:10:44-----
Array
(
    [payment_status] => Completed
    [order_id] => 21025
)


-----2024-01-26 12:46:25-----
Array
(
    [payment_status] => Completed
    [order_id] => 21026
)


-----2024-01-26 13:16:30-----
Array
(
    [payment_status] => Completed
    [order_id] => 21028
)


-----2024-01-26 13:16:38-----
Array
(
    [payment_status] => Completed
    [order_id] => 21028
)


-----2024-01-26 13:20:20-----
Array
(
    [payment_status] => Completed
    [order_id] => 21029
)


-----2024-01-26 13:44:46-----
Array
(
    [payment_status] => Completed
    [order_id] => 21030
)


-----2024-01-26 18:07:36-----
Array
(
    [payment_status] => Completed
    [order_id] => 21032
)


-----2024-01-29 02:16:17-----
Array
(
    [payment_status] => Completed
    [order_id] => 21034
)


-----2024-01-29 03:06:43-----
Array
(
    [payment_status] => Completed
    [order_id] => 21035
)


-----2024-01-29 03:06:55-----
Array
(
    [payment_status] => Completed
    [order_id] => 21035
)


-----2024-01-29 08:18:11-----
Array
(
    [payment_status] => Completed
    [order_id] => 21037
)


-----2024-01-29 09:19:18-----
Array
(
    [payment_status] => Completed
    [order_id] => 21038
)


-----2024-01-29 20:31:45-----
Array
(
    [payment_status] => Completed
    [order_id] => 21041
)


-----2024-01-30 08:25:09-----
Array
(
    [payment_status] => Completed
    [order_id] => 21046
)


-----2024-01-30 10:08:22-----
Array
(
    [payment_status] => Completed
    [order_id] => 21048
)


-----2024-01-30 11:37:49-----
Array
(
    [payment_status] => Completed
    [order_id] => 21049
)


-----2024-01-30 12:01:35-----
Array
(
    [payment_status] => Completed
    [order_id] => 21050
)


-----2024-01-30 14:37:36-----
Array
(
    [payment_status] => Completed
    [order_id] => 21051
)


-----2024-01-30 17:43:31-----
Array
(
    [payment_status] => Completed
    [order_id] => 21053
)


-----2024-01-30 21:24:05-----
Array
(
    [payment_status] => Completed
    [order_id] => 21054
)


-----2024-01-30 21:24:15-----
Array
(
    [payment_status] => Completed
    [order_id] => 21054
)


-----2024-01-30 21:47:02-----
Array
(
    [payment_status] => Completed
    [order_id] => 21055
)


-----2024-01-30 23:01:51-----
Array
(
    [payment_status] => Completed
    [order_id] => 21056
)


-----2024-01-31 10:10:42-----
Array
(
    [payment_status] => Completed
    [order_id] => 21059
)


-----2024-01-31 14:57:29-----
Array
(
    [payment_status] => Completed
    [order_id] => 21062
)


-----2024-01-31 18:25:30-----
Array
(
    [payment_status] => Completed
    [order_id] => 21066
)


-----2024-01-31 18:29:53-----
Array
(
    [payment_status] => Completed
    [order_id] => 21067
)


-----2024-01-31 18:32:19-----
Array
(
    [payment_status] => Completed
    [order_id] => 21068
)


-----2024-02-01 09:19:24-----
Array
(
    [payment_status] => Completed
    [order_id] => 21074
)


-----2024-02-01 09:26:04-----
Array
(
    [payment_status] => Completed
    [order_id] => 21076
)


-----2024-02-01 09:30:56-----
Array
(
    [payment_status] => Completed
    [order_id] => 21077
)


-----2024-02-01 11:55:45-----
Array
(
    [payment_status] => Completed
    [order_id] => 21083
)


-----2024-02-01 14:37:45-----
Array
(
    [payment_status] => Completed
    [order_id] => 21090
)


-----2024-02-01 18:25:11-----
Array
(
    [payment_status] => Completed
    [order_id] => 21092
)


-----2024-02-01 21:43:54-----
Array
(
    [payment_status] => Completed
    [order_id] => 21093
)


-----2024-02-02 04:29:01-----
Array
(
    [payment_status] => Completed
    [order_id] => 21094
)


-----2024-02-02 04:29:15-----
Array
(
    [payment_status] => Completed
    [order_id] => 21094
)


-----2024-02-02 16:16:47-----
Array
(
    [payment_status] => Completed
    [order_id] => 21098
)


-----2024-02-02 19:58:26-----
Array
(
    [payment_status] => Completed
    [order_id] => 21100
)


-----2024-02-02 21:09:36-----
Array
(
    [payment_status] => Completed
    [order_id] => 21102
)


-----2024-02-02 23:54:27-----
Array
(
    [payment_status] => Completed
    [order_id] => 21103
)


-----2024-02-03 00:38:50-----
Array
(
    [payment_status] => Completed
    [order_id] => 21099
)


-----2024-02-03 00:46:21-----
Array
(
    [payment_status] => Completed
    [order_id] => 21101
)


-----2024-02-03 01:13:02-----
Array
(
    [payment_status] => Completed
    [order_id] => 21104
)


-----2024-02-05 12:02:50-----
Array
(
    [payment_status] => Completed
    [order_id] => 21107
)


-----2024-02-05 19:33:16-----
Array
(
    [payment_status] => Completed
    [order_id] => 21121
)


-----2024-02-06 07:49:28-----
Array
(
    [payment_status] => Completed
    [order_id] => 21123
)


-----2024-02-06 11:15:25-----
Array
(
    [payment_status] => Completed
    [order_id] => 21126
)


-----2024-02-06 12:17:40-----
Array
(
    [payment_status] => Completed
    [order_id] => 21127
)


-----2024-02-06 12:28:47-----
Array
(
    [payment_status] => Completed
    [order_id] => 21129
)


-----2024-02-06 18:10:02-----
Array
(
    [payment_status] => Completed
    [order_id] => 21131
)


-----2024-02-06 23:08:13-----
Array
(
    [payment_status] => Completed
    [order_id] => 21132
)


-----2024-02-07 02:22:32-----
Array
(
    [payment_status] => Completed
    [order_id] => 21133
)


-----2024-02-07 07:08:32-----
Array
(
    [payment_status] => Completed
    [order_id] => 21135
)


-----2024-02-07 13:32:29-----
Array
(
    [payment_status] => Completed
    [order_id] => 21137
)


-----2024-02-07 15:49:55-----
Array
(
    [payment_status] => Completed
    [order_id] => 21140
)


-----2024-02-07 18:27:58-----
Array
(
    [payment_status] => Completed
    [order_id] => 21141
)


-----2024-02-07 20:16:36-----
Array
(
    [payment_status] => Completed
    [order_id] => 21143
)


-----2024-02-08 13:50:47-----
Array
(
    [payment_status] => Completed
    [order_id] => 21147
)


-----2024-02-08 18:08:23-----
Array
(
    [payment_status] => Completed
    [order_id] => 21150
)


-----2024-02-08 21:20:05-----
Array
(
    [payment_status] => Completed
    [order_id] => 21151
)


-----2024-02-09 15:55:12-----
Array
(
    [payment_status] => Completed
    [order_id] => 21155
)


-----2024-02-09 19:14:52-----
Array
(
    [payment_status] => Completed
    [order_id] => 21160
)


-----2024-02-09 20:05:39-----
Array
(
    [payment_status] => Completed
    [order_id] => 21161
)


-----2024-02-09 21:37:34-----
Array
(
    [payment_status] => Completed
    [order_id] => 21162
)


-----2024-02-11 14:40:21-----
Array
(
    [payment_status] => Completed
    [order_id] => 21166
)


-----2024-02-12 07:56:52-----
Array
(
    [payment_status] => Completed
    [order_id] => 21171
)


-----2024-02-12 09:57:53-----
Array
(
    [payment_status] => Completed
    [order_id] => 21172
)


-----2024-02-12 11:13:31-----
Array
(
    [payment_status] => Completed
    [order_id] => 21176
)


-----2024-02-12 15:09:57-----
Array
(
    [payment_status] => Completed
    [order_id] => 21178
)


-----2024-02-12 17:04:10-----
Array
(
    [payment_status] => Completed
    [order_id] => 21181
)


-----2024-02-12 20:07:32-----
Array
(
    [payment_status] => Completed
    [order_id] => 21183
)


-----2024-02-12 23:05:06-----
Array
(
    [payment_status] => Completed
    [order_id] => 21185
)


-----2024-02-13 10:02:07-----
Array
(
    [payment_status] => Completed
    [order_id] => 21186
)


-----2024-02-13 14:23:30-----
Array
(
    [payment_status] => Completed
    [order_id] => 21188
)


-----2024-02-14 12:45:18-----
Array
(
    [payment_status] => Completed
    [order_id] => 21196
)


-----2024-02-14 17:09:37-----
Array
(
    [payment_status] => Completed
    [order_id] => 21197
)


-----2024-02-14 21:46:37-----
Array
(
    [payment_status] => Completed
    [order_id] => 21198
)


-----2024-02-14 22:10:31-----
Array
(
    [payment_status] => Completed
    [order_id] => 21199
)


-----2024-02-15 13:25:50-----
Array
(
    [payment_status] => Completed
    [order_id] => 21201
)


-----2024-02-15 14:22:44-----
Array
(
    [payment_status] => Completed
    [order_id] => 21202
)


-----2024-02-15 23:22:05-----
Array
(
    [payment_status] => Completed
    [order_id] => 21203
)


-----2024-02-16 10:15:20-----
Array
(
    [payment_status] => Completed
    [order_id] => 21204
)


-----2024-02-16 17:03:06-----
Array
(
    [payment_status] => Completed
    [order_id] => 21205
)


-----2024-02-16 17:03:14-----
Array
(
    [payment_status] => Completed
    [order_id] => 21205
)


-----2024-02-17 15:13:44-----
Array
(
    [payment_status] => Completed
    [order_id] => 21207
)


-----2024-02-17 15:13:55-----
Array
(
    [payment_status] => Completed
    [order_id] => 21207
)


-----2024-02-18 09:57:47-----
Array
(
    [payment_status] => Completed
    [order_id] => 21208
)


-----2024-02-19 03:39:54-----
Array
(
    [payment_status] => Completed
    [order_id] => 21212
)


-----2024-02-19 03:40:46-----
Array
(
    [payment_status] => Completed
    [order_id] => 21211
)


-----2024-02-19 16:56:05-----
Array
(
    [payment_status] => Completed
    [order_id] => 21213
)


-----2024-02-19 19:54:43-----
Array
(
    [payment_status] => Completed
    [order_id] => 21214
)


-----2024-02-19 21:44:18-----
Array
(
    [payment_status] => Completed
    [order_id] => 21215
)


-----2024-02-20 15:56:36-----
Array
(
    [payment_status] => Completed
    [order_id] => 21217
)


-----2024-02-20 18:58:44-----
Array
(
    [payment_status] => Completed
    [order_id] => 21220
)


-----2024-02-20 21:15:25-----
Array
(
    [payment_status] => Completed
    [order_id] => 21221
)


-----2024-02-21 08:45:17-----
Array
(
    [payment_status] => Completed
    [order_id] => 21225
)


-----2024-02-21 16:21:31-----
Array
(
    [payment_status] => Completed
    [order_id] => 21229
)


-----2024-02-21 17:52:24-----
Array
(
    [payment_status] => Completed
    [order_id] => 21230
)


-----2024-02-21 18:28:46-----
Array
(
    [payment_status] => Completed
    [order_id] => 21231
)


-----2024-02-21 21:47:51-----
Array
(
    [payment_status] => Completed
    [order_id] => 21233
)


-----2024-02-21 23:39:11-----
Array
(
    [payment_status] => Completed
    [order_id] => 21234
)


-----2024-02-22 00:41:57-----
Array
(
    [payment_status] => Completed
    [order_id] => 21235
)


-----2024-02-22 18:58:46-----
Array
(
    [payment_status] => Completed
    [order_id] => 21248
)


-----2024-02-23 13:26:53-----
Array
(
    [payment_status] => Completed
    [order_id] => 21250
)


-----2024-02-23 17:28:35-----
Array
(
    [payment_status] => Completed
    [order_id] => 21251
)


-----2024-02-24 10:33:22-----
Array
(
    [payment_status] => Completed
    [order_id] => 21252
)


-----2024-02-26 06:52:58-----
Array
(
    [payment_status] => Completed
    [order_id] => 21258
)


-----2024-02-26 16:40:47-----
Array
(
    [payment_status] => Completed
    [order_id] => 21259
)


-----2024-02-27 08:04:14-----
Array
(
    [payment_status] => Completed
    [order_id] => 21261
)


-----2024-02-27 10:49:47-----
Array
(
    [payment_status] => Completed
    [order_id] => 21262
)


-----2024-02-27 12:07:39-----
Array
(
    [payment_status] => Completed
    [order_id] => 21263
)


-----2024-02-27 14:34:04-----
Array
(
    [payment_status] => Completed
    [order_id] => 21266
)


-----2024-02-27 14:47:50-----
Array
(
    [payment_status] => Completed
    [order_id] => 21267
)


-----2024-02-27 14:52:55-----
Array
(
    [payment_status] => Completed
    [order_id] => 21268
)


-----2024-02-28 05:15:24-----
Array
(
    [payment_status] => Completed
    [order_id] => 21260
)


-----2024-02-28 08:05:07-----
Array
(
    [payment_status] => Completed
    [order_id] => 21269
)


-----2024-02-28 15:39:23-----
Array
(
    [payment_status] => Completed
    [order_id] => 21272
)


-----2024-02-28 19:57:04-----
Array
(
    [payment_status] => Completed
    [order_id] => 21273
)


-----2024-02-28 21:39:56-----
Array
(
    [payment_status] => Completed
    [order_id] => 21275
)


-----2024-02-29 10:58:39-----
Array
(
    [payment_status] => Completed
    [order_id] => 21278
)


-----2024-02-29 11:02:52-----
Array
(
    [payment_status] => Completed
    [order_id] => 21279
)


-----2024-02-29 11:42:52-----
Array
(
    [payment_status] => Completed
    [order_id] => 21280
)


-----2024-02-29 14:56:45-----
Array
(
    [payment_status] => Completed
    [order_id] => 21283
)


-----2024-02-29 17:26:44-----
Array
(
    [payment_status] => Completed
    [order_id] => 21285
)


-----2024-02-29 20:08:04-----
Array
(
    [payment_status] => Completed
    [order_id] => 21286
)


-----2024-02-29 20:08:20-----
Array
(
    [payment_status] => Completed
    [order_id] => 21286
)


-----2024-03-01 10:58:13-----
Array
(
    [payment_status] => Completed
    [order_id] => 21287
)


-----2024-03-01 11:24:50-----
Array
(
    [payment_status] => Completed
    [order_id] => 21288
)


-----2024-03-01 12:05:19-----
Array
(
    [payment_status] => Completed
    [order_id] => 21289
)


-----2024-03-01 15:57:43-----
Array
(
    [payment_status] => Completed
    [order_id] => 21292
)


-----2024-03-02 00:16:10-----
Array
(
    [payment_status] => Completed
    [order_id] => 21293
)


-----2024-03-02 00:16:23-----
Array
(
    [payment_status] => Completed
    [order_id] => 21293
)


-----2024-03-04 07:37:47-----
Array
(
    [payment_status] => Completed
    [order_id] => 21300
)


-----2024-03-04 11:18:07-----
Array
(
    [payment_status] => Completed
    [order_id] => 21301
)


-----2024-03-04 14:28:21-----
Array
(
    [payment_status] => Completed
    [order_id] => 21302
)


-----2024-03-04 16:08:40-----
Array
(
    [payment_status] => Completed
    [order_id] => 21303
)


-----2024-03-04 16:20:23-----
Array
(
    [payment_status] => Completed
    [order_id] => 21304
)


-----2024-03-04 16:43:28-----
Array
(
    [payment_status] => Completed
    [order_id] => 21305
)


-----2024-03-04 17:59:00-----
Array
(
    [payment_status] => Completed
    [order_id] => 21307
)


-----2024-03-04 21:19:44-----
Array
(
    [payment_status] => Completed
    [order_id] => 21309
)


-----2024-03-04 23:29:13-----
Array
(
    [payment_status] => Completed
    [order_id] => 21310
)


-----2024-03-05 11:18:31-----
Array
(
    [payment_status] => Completed
    [order_id] => 21316
)


-----2024-03-05 11:57:12-----
Array
(
    [payment_status] => Completed
    [order_id] => 21318
)


-----2024-03-05 19:49:09-----
Array
(
    [payment_status] => Completed
    [order_id] => 21320
)


-----2024-03-05 21:54:37-----
Array
(
    [payment_status] => Completed
    [order_id] => 21322
)


-----2024-03-06 03:47:36-----
Array
(
    [payment_status] => Completed
    [order_id] => 21323
)


-----2024-03-06 13:30:55-----
Array
(
    [payment_status] => Completed
    [order_id] => 21329
)


-----2024-03-06 13:40:17-----
Array
(
    [payment_status] => Completed
    [order_id] => 21330
)


-----2024-03-06 16:11:50-----
Array
(
    [payment_status] => Completed
    [order_id] => 21331
)


-----2024-03-06 21:59:03-----
Array
(
    [payment_status] => Completed
    [order_id] => 21333
)


-----2024-03-06 22:50:07-----
Array
(
    [payment_status] => Completed
    [order_id] => 21334
)


-----2024-03-07 07:18:33-----
Array
(
    [payment_status] => Completed
    [order_id] => 21337
)


-----2024-03-07 20:31:10-----
Array
(
    [payment_status] => Completed
    [order_id] => 21344
)


-----2024-03-07 22:45:28-----
Array
(
    [payment_status] => Completed
    [order_id] => 21345
)


-----2024-03-08 22:40:26-----
Array
(
    [payment_status] => Completed
    [order_id] => 21346
)


-----2024-03-11 07:04:43-----
Array
(
    [payment_status] => Completed
    [order_id] => 21364
)


-----2024-03-11 16:01:55-----
Array
(
    [payment_status] => Completed
    [order_id] => 21374
)


-----2024-03-12 10:57:27-----
Array
(
    [payment_status] => Completed
    [order_id] => 21393
)


-----2024-03-12 11:15:32-----
Array
(
    [payment_status] => Completed
    [order_id] => 21400
)

Array
(
    [0] => stdClass Object
        (
            [errorCode] => METHOD_NOT_ALLOWED
            [message] => HTTP Method 'PATCH' not allowed. Allowed are HEAD,GET,POST
        )

)

-----2024-03-12 11:59:45-----
Array
(
    [payment_status] => Completed
    [order_id] => 21407
)

Array
(
    [0] => stdClass Object
        (
            [errorCode] => METHOD_NOT_ALLOWED
            [message] => HTTP Method 'PATCH' not allowed. Allowed are HEAD,GET,POST
        )

)

-----2024-03-12 13:15:16-----
Array
(
    [payment_status] => Completed
    [order_id] => 21412
)

Array
(
    [0] => stdClass Object
        (
            [errorCode] => METHOD_NOT_ALLOWED
            [message] => HTTP Method 'PATCH' not allowed. Allowed are HEAD,GET,POST
        )

)

-----2024-03-12 15:13:50-----
Array
(
    [payment_status] => Completed
    [order_id] => 21415
)


-----2024-03-12 17:16:07-----
Array
(
    [payment_status] => Completed
    [order_id] => 21419
)


-----2024-03-12 19:54:10-----
Array
(
    [payment_status] => Completed
    [order_id] => 21421
)


-----2024-03-12 20:08:02-----
Array
(
    [payment_status] => Completed
    [order_id] => 21422
)


-----2024-03-13 12:49:12-----
Array
(
    [payment_status] => Completed
    [order_id] => 21432
)


-----2024-03-13 13:18:30-----
Array
(
    [payment_status] => Completed
    [order_id] => 21433
)


-----2024-03-13 19:12:54-----
Array
(
    [payment_status] => Completed
    [order_id] => 21434
)


-----2024-03-14 20:24:33-----
Array
(
    [payment_status] => Completed
    [order_id] => 21437
)


-----2024-03-14 20:24:44-----
Array
(
    [payment_status] => Completed
    [order_id] => 21437
)


-----2024-03-14 22:36:51-----
Array
(
    [payment_status] => Completed
    [order_id] => 21440
)


-----2024-03-15 15:01:28-----
Array
(
    [payment_status] => Completed
    [order_id] => 21443
)


-----2024-03-15 15:02:39-----
Array
(
    [payment_status] => Completed
    [order_id] => 21444
)


-----2024-03-15 21:49:18-----
Array
(
    [payment_status] => Completed
    [order_id] => 21445
)


-----2024-03-16 18:30:35-----
Array
(
    [payment_status] => Completed
    [order_id] => 21446
)


-----2024-03-18 09:33:57-----
Array
(
    [payment_status] => Completed
    [order_id] => 21447
)


-----2024-03-18 13:15:14-----
Array
(
    [payment_status] => Completed
    [order_id] => 21448
)


-----2024-03-18 14:08:05-----
Array
(
    [payment_status] => Completed
    [order_id] => 21451
)


-----2024-03-18 14:43:21-----
Array
(
    [payment_status] => Completed
    [order_id] => 21452
)


-----2024-03-18 19:01:43-----
Array
(
    [payment_status] => Completed
    [order_id] => 21453
)


-----2024-03-19 03:06:35-----
Array
(
    [payment_status] => Completed
    [order_id] => 21454
)


-----2024-03-19 11:16:57-----
Array
(
    [payment_status] => Completed
    [order_id] => 21461
)

-----2024-03-19 11:16:57-----
Array
(
    [payment_status] => Completed
    [order_id] => 21461
)



-----2024-03-19 17:08:50-----
Array
(
    [payment_status] => Completed
    [order_id] => 21473
)


-----2024-03-19 17:09:12-----
Array
(
    [payment_status] => Completed
    [order_id] => 21473
)


-----2024-03-20 09:05:50-----
Array
(
    [payment_status] => Completed
    [order_id] => 21476
)


-----2024-03-20 15:19:30-----
Array
(
    [payment_status] => Completed
    [order_id] => 21482
)


-----2024-03-20 15:19:40-----
Array
(
    [payment_status] => Completed
    [order_id] => 21482
)


-----2024-03-20 20:19:38-----
Array
(
    [payment_status] => Completed
    [order_id] => 21483
)


-----2024-03-20 20:19:43-----
Array
(
    [payment_status] => Completed
    [order_id] => 21483
)


-----2024-03-20 20:59:34-----
Array
(
    [payment_status] => Completed
    [order_id] => 21484
)


-----2024-03-20 22:53:36-----
Array
(
    [payment_status] => Completed
    [order_id] => 21485
)


-----2024-03-21 09:24:58-----
Array
(
    [payment_status] => Completed
    [order_id] => 21487
)


-----2024-03-21 11:37:47-----
Array
(
    [payment_status] => Completed
    [order_id] => 21488
)


-----2024-03-21 11:42:26-----
Array
(
    [payment_status] => Completed
    [order_id] => 21489
)


-----2024-03-21 11:42:30-----
Array
(
    [payment_status] => Completed
    [order_id] => 21489
)


-----2024-03-21 22:10:08-----
Array
(
    [payment_status] => Completed
    [order_id] => 21490
)

-----2024-03-21 22:10:09-----
Array
(
    [payment_status] => Completed
    [order_id] => 21490
)



-----2024-03-22 02:12:00-----
Array
(
    [payment_status] => Completed
    [order_id] => 21491
)


-----2024-03-22 02:12:20-----
Array
(
    [payment_status] => Completed
    [order_id] => 21491
)


-----2024-03-22 03:10:29-----
Array
(
    [payment_status] => Completed
    [order_id] => 21492
)


-----2024-03-22 06:59:20-----
Array
(
    [payment_status] => Completed
    [order_id] => 21493
)


-----2024-03-22 12:00:20-----
Array
(
    [payment_status] => Completed
    [order_id] => 21498
)


-----2024-03-22 12:56:21-----
Array
(
    [payment_status] => Completed
    [order_id] => 21499
)


-----2024-03-22 13:34:44-----
Array
(
    [payment_status] => Completed
    [order_id] => 21500
)


-----2024-03-22 14:27:28-----
Array
(
    [payment_status] => Completed
    [order_id] => 21502
)


-----2024-03-22 14:36:50-----
Array
(
    [payment_status] => Completed
    [order_id] => 21503
)


-----2024-03-25 21:01:53-----
Array
(
    [payment_status] => Completed
    [order_id] => 21515
)


-----2024-03-26 02:35:21-----
Array
(
    [payment_status] => Completed
    [order_id] => 21516
)


-----2024-03-26 09:04:03-----
Array
(
    [payment_status] => Completed
    [order_id] => 21518
)


-----2024-03-26 17:00:23-----
Array
(
    [payment_status] => Completed
    [order_id] => 21519
)


-----2024-03-26 21:23:39-----
Array
(
    [payment_status] => Completed
    [order_id] => 21520
)


-----2024-03-28 01:28:09-----
Array
(
    [payment_status] => Completed
    [order_id] => 21555
)


-----2024-03-28 11:10:10-----
Array
(
    [payment_status] => Completed
    [order_id] => 21557
)


-----2024-03-28 13:45:46-----
Array
(
    [payment_status] => Completed
    [order_id] => 21562
)


-----2024-03-28 18:33:45-----
Array
(
    [payment_status] => Completed
    [order_id] => 21565
)


-----2024-03-28 18:33:54-----
Array
(
    [payment_status] => Completed
    [order_id] => 21565
)


-----2024-04-01 05:01:00-----
Array
(
    [payment_status] => Completed
    [order_id] => 21577
)


-----2024-04-02 20:43:01-----
Array
(
    [payment_status] => Completed
    [order_id] => 21578
)

-----2024-04-02 20:43:01-----
Array
(
    [payment_status] => Completed
    [order_id] => 21578
)



-----2024-04-02 22:08:15-----
Array
(
    [payment_status] => Completed
    [order_id] => 21579
)


-----2024-04-03 06:16:24-----
Array
(
    [payment_status] => Completed
    [order_id] => 21580
)


-----2024-04-03 08:14:23-----
Array
(
    [payment_status] => Completed
    [order_id] => 21581
)


-----2024-04-03 09:52:16-----
Array
(
    [payment_status] => Completed
    [order_id] => 21582
)


-----2024-04-03 15:36:30-----
Array
(
    [payment_status] => Completed
    [order_id] => 21584
)


-----2024-04-03 15:54:02-----
Array
(
    [payment_status] => Completed
    [order_id] => 21585
)


-----2024-04-03 16:34:48-----
Array
(
    [payment_status] => Completed
    [order_id] => 21586
)


-----2024-04-03 16:39:59-----
Array
(
    [payment_status] => Completed
    [order_id] => 21587
)


-----2024-04-03 22:31:58-----
Array
(
    [payment_status] => Completed
    [order_id] => 21588
)


-----2024-04-03 23:31:23-----
Array
(
    [payment_status] => Completed
    [order_id] => 21591
)


-----2024-04-04 14:45:51-----
Array
(
    [payment_status] => Completed
    [order_id] => 21594
)


-----2024-04-04 15:38:22-----
Array
(
    [payment_status] => Completed
    [order_id] => 21595
)


-----2024-04-04 15:45:26-----
Array
(
    [payment_status] => Completed
    [order_id] => 21596
)


-----2024-04-04 15:45:33-----
Array
(
    [payment_status] => Completed
    [order_id] => 21596
)


-----2024-04-04 15:49:01-----
Array
(
    [payment_status] => Completed
    [order_id] => 21598
)


-----2024-04-04 18:09:33-----
Array
(
    [payment_status] => Completed
    [order_id] => 21599
)


-----2024-04-04 20:59:26-----
Array
(
    [payment_status] => Completed
    [order_id] => 21600
)


-----2024-04-05 19:59:03-----
Array
(
    [payment_status] => Completed
    [order_id] => 21602
)


-----2024-04-05 19:59:15-----
Array
(
    [payment_status] => Completed
    [order_id] => 21602
)


-----2024-04-08 14:21:58-----
Array
(
    [payment_status] => Completed
    [order_id] => 21604
)


-----2024-04-08 21:21:14-----
Array
(
    [payment_status] => Completed
    [order_id] => 21605
)


-----2024-04-09 06:47:50-----
Array
(
    [payment_status] => Completed
    [order_id] => 21606
)


-----2024-04-09 11:40:01-----
Array
(
    [payment_status] => Completed
    [order_id] => 21609
)


-----2024-04-09 20:31:35-----
Array
(
    [payment_status] => Completed
    [order_id] => 21616
)


-----2024-04-09 20:31:47-----
Array
(
    [payment_status] => Completed
    [order_id] => 21616
)


-----2024-04-10 06:59:32-----
Array
(
    [payment_status] => Completed
    [order_id] => 21618
)


-----2024-04-11 03:52:16-----
Array
(
    [payment_status] => Completed
    [order_id] => 21619
)


-----2024-04-11 08:22:43-----
Array
(
    [payment_status] => Completed
    [order_id] => 21620
)


-----2024-04-11 15:03:40-----
Array
(
    [payment_status] => Completed
    [order_id] => 21621
)


-----2024-04-12 06:45:48-----
Array
(
    [payment_status] => Completed
    [order_id] => 21622
)


-----2024-04-12 13:14:16-----
Array
(
    [payment_status] => Completed
    [order_id] => 21623
)


-----2024-04-12 13:14:27-----
Array
(
    [payment_status] => Completed
    [order_id] => 21623
)


-----2024-04-15 03:23:17-----
Array
(
    [payment_status] => Completed
    [order_id] => 21624
)


-----2024-04-15 03:26:24-----
Array
(
    [payment_status] => Completed
    [order_id] => 21625
)


-----2024-04-15 08:46:58-----
Array
(
    [payment_status] => Completed
    [order_id] => 21626
)


-----2024-04-15 16:00:21-----
Array
(
    [payment_status] => Completed
    [order_id] => 21627
)


-----2024-04-15 16:00:29-----
Array
(
    [payment_status] => Completed
    [order_id] => 21627
)


-----2024-04-15 22:22:10-----
Array
(
    [payment_status] => Completed
    [order_id] => 21628
)


-----2024-04-16 01:30:00-----
Array
(
    [payment_status] => Completed
    [order_id] => 21630
)


-----2024-04-16 23:31:43-----
Array
(
    [payment_status] => Completed
    [order_id] => 21638
)


-----2024-04-17 08:11:42-----
Array
(
    [payment_status] => Completed
    [order_id] => 21643
)


-----2024-04-17 10:00:45-----
Array
(
    [payment_status] => Completed
    [order_id] => 21646
)


-----2024-04-17 12:42:10-----
Array
(
    [payment_status] => Completed
    [order_id] => 21647
)


-----2024-04-17 12:50:06-----
Array
(
    [payment_status] => Completed
    [order_id] => 21648
)


-----2024-04-17 17:52:14-----
Array
(
    [payment_status] => Completed
    [order_id] => 21649
)


-----2024-04-18 03:22:50-----
Array
(
    [payment_status] => Completed
    [order_id] => 21650
)


-----2024-04-18 03:22:58-----
Array
(
    [payment_status] => Completed
    [order_id] => 21650
)


-----2024-04-18 06:02:21-----
Array
(
    [payment_status] => Completed
    [order_id] => 21652
)


-----2024-04-18 12:30:29-----
Array
(
    [payment_status] => Completed
    [order_id] => 21655
)


-----2024-04-18 15:45:02-----
Array
(
    [payment_status] => Completed
    [order_id] => 21656
)


-----2024-04-19 11:02:59-----
Array
(
    [payment_status] => Completed
    [order_id] => 21657
)


-----2024-04-19 12:16:30-----
Array
(
    [payment_status] => Completed
    [order_id] => 21658
)


-----2024-04-19 15:51:01-----
Array
(
    [payment_status] => Completed
    [order_id] => 21659
)


-----2024-04-19 16:12:18-----
Array
(
    [payment_status] => Completed
    [order_id] => 21660
)


-----2024-04-22 15:23:31-----
Array
(
    [payment_status] => Completed
    [order_id] => 21668
)


-----2024-04-22 18:28:43-----
Array
(
    [payment_status] => Completed
    [order_id] => 21669
)


-----2024-04-23 20:33:29-----
Array
(
    [payment_status] => Completed
    [order_id] => 21670
)


-----2024-04-23 21:03:22-----
Array
(
    [payment_status] => Completed
    [order_id] => 21671
)


-----2024-04-23 21:07:02-----
Array
(
    [payment_status] => Completed
    [order_id] => 21672
)


-----2024-04-23 23:06:53-----
Array
(
    [payment_status] => Completed
    [order_id] => 21673
)


-----2024-04-23 23:07:01-----
Array
(
    [payment_status] => Completed
    [order_id] => 21673
)


-----2024-04-24 08:53:18-----
Array
(
    [payment_status] => Completed
    [order_id] => 21685
)


-----2024-04-24 20:00:44-----
Array
(
    [payment_status] => Completed
    [order_id] => 21689
)


-----2024-04-25 01:00:08-----
Array
(
    [payment_status] => Completed
    [order_id] => 21690
)


-----2024-04-25 14:54:50-----
Array
(
    [payment_status] => Completed
    [order_id] => 21692
)


-----2024-04-26 17:10:03-----
Array
(
    [payment_status] => Completed
    [order_id] => 21694
)


-----2024-04-26 19:54:22-----
Array
(
    [payment_status] => Completed
    [order_id] => 21695
)


-----2024-04-29 07:17:56-----
Array
(
    [payment_status] => Completed
    [order_id] => 21697
)


-----2024-04-29 07:18:02-----
Array
(
    [payment_status] => Completed
    [order_id] => 21697
)


-----2024-04-29 13:51:41-----
Array
(
    [payment_status] => Completed
    [order_id] => 21701
)


-----2024-04-29 13:55:57-----
Array
(
    [payment_status] => Completed
    [order_id] => 21703
)


-----2024-04-29 14:17:56-----
Array
(
    [payment_status] => Completed
    [order_id] => 21704
)


-----2024-04-29 23:25:26-----
Array
(
    [payment_status] => Completed
    [order_id] => 21708
)


-----2024-04-30 07:38:22-----
Array
(
    [payment_status] => Completed
    [order_id] => 21711
)


-----2024-04-30 12:06:00-----
Array
(
    [payment_status] => Completed
    [order_id] => 21700
)


-----2024-04-30 14:31:58-----
Array
(
    [payment_status] => Completed
    [order_id] => 21712
)


-----2024-04-30 15:33:06-----
Array
(
    [payment_status] => Completed
    [order_id] => 21715
)


-----2024-04-30 17:45:51-----
Array
(
    [payment_status] => Completed
    [order_id] => 21716
)


-----2024-04-30 17:48:02-----
Array
(
    [payment_status] => Completed
    [order_id] => 21717
)


-----2024-04-30 17:48:08-----
Array
(
    [payment_status] => Completed
    [order_id] => 21717
)


-----2024-04-30 19:15:50-----
Array
(
    [payment_status] => Completed
    [order_id] => 21718
)


-----2024-04-30 20:43:17-----
Array
(
    [payment_status] => Completed
    [order_id] => 21719
)


-----2024-04-30 20:49:04-----
Array
(
    [payment_status] => Completed
    [order_id] => 21720
)


-----2024-05-01 18:38:49-----
Array
(
    [payment_status] => Completed
    [order_id] => 21723
)


-----2024-05-02 11:51:41-----
Array
(
    [payment_status] => Completed
    [order_id] => 21726
)


-----2024-05-02 13:12:54-----
Array
(
    [payment_status] => Completed
    [order_id] => 21727
)


-----2024-05-02 16:54:34-----
Array
(
    [payment_status] => Completed
    [order_id] => 21728
)


-----2024-05-02 20:26:54-----
Array
(
    [payment_status] => Completed
    [order_id] => 21729
)


-----2024-05-02 20:46:51-----
Array
(
    [payment_status] => Completed
    [order_id] => 21730
)


-----2024-05-03 05:36:44-----
Array
(
    [payment_status] => Completed
    [order_id] => 21731
)


-----2024-05-03 05:36:55-----
Array
(
    [payment_status] => Completed
    [order_id] => 21731
)


-----2024-05-03 12:44:40-----
Array
(
    [payment_status] => Completed
    [order_id] => 21732
)


-----2024-05-03 14:38:35-----
Array
(
    [payment_status] => Completed
    [order_id] => 21733
)


-----2024-05-03 21:18:09-----
Array
(
    [payment_status] => Completed
    [order_id] => 21735
)


-----2024-05-06 07:30:23-----
Array
(
    [payment_status] => Completed
    [order_id] => 21756
)


-----2024-05-06 07:30:32-----
Array
(
    [payment_status] => Completed
    [order_id] => 21756
)


-----2024-05-06 12:59:52-----
Array
(
    [payment_status] => Completed
    [order_id] => 21764
)


-----2024-05-06 23:14:31-----
Array
(
    [payment_status] => Completed
    [order_id] => 21770
)


-----2024-05-06 23:14:41-----
Array
(
    [payment_status] => Completed
    [order_id] => 21770
)


-----2024-05-07 08:18:54-----
Array
(
    [payment_status] => Completed
    [order_id] => 21773
)


-----2024-05-07 11:54:19-----
Array
(
    [payment_status] => Completed
    [order_id] => 21779
)


-----2024-05-07 12:19:23-----
Array
(
    [payment_status] => Completed
    [order_id] => 21784
)


-----2024-05-07 13:56:54-----
Array
(
    [payment_status] => Completed
    [order_id] => 21791
)


-----2024-05-07 15:12:00-----
Array
(
    [payment_status] => Completed
    [order_id] => 21792
)


-----2024-05-07 19:12:34-----
Array
(
    [payment_status] => Completed
    [order_id] => 21793
)


-----2024-05-08 06:22:03-----
Array
(
    [payment_status] => Completed
    [order_id] => 21795
)


-----2024-05-08 11:05:53-----
Array
(
    [payment_status] => Completed
    [order_id] => 21797
)


-----2024-05-08 13:18:09-----
Array
(
    [payment_status] => Completed
    [order_id] => 21799
)


-----2024-05-08 14:10:17-----
Array
(
    [payment_status] => Completed
    [order_id] => 21800
)


-----2024-05-08 14:18:42-----
Array
(
    [payment_status] => Completed
    [order_id] => 21801
)


-----2024-05-08 15:33:56-----
Array
(
    [payment_status] => Completed
    [order_id] => 21806
)


-----2024-05-08 15:34:03-----
Array
(
    [payment_status] => Completed
    [order_id] => 21806
)


-----2024-05-08 20:12:31-----
Array
(
    [payment_status] => Completed
    [order_id] => 21807
)


-----2024-05-09 01:55:57-----
Array
(
    [payment_status] => Completed
    [order_id] => 21809
)


-----2024-05-09 11:24:26-----
Array
(
    [payment_status] => Completed
    [order_id] => 21813
)


-----2024-05-09 12:00:05-----
Array
(
    [payment_status] => Completed
    [order_id] => 21814
)


-----2024-05-09 13:37:34-----
Array
(
    [payment_status] => Completed
    [order_id] => 21815
)


-----2024-05-09 14:43:02-----
Array
(
    [payment_status] => Completed
    [order_id] => 21817
)


-----2024-05-09 18:14:30-----
Array
(
    [payment_status] => Completed
    [order_id] => 21819
)


-----2024-05-09 18:14:33-----
Array
(
    [payment_status] => Completed
    [order_id] => 21819
)


-----2024-05-09 18:42:11-----
Array
(
    [payment_status] => Completed
    [order_id] => 21820
)


-----2024-05-09 19:09:41-----
Array
(
    [payment_status] => Completed
    [order_id] => 21821
)


-----2024-05-09 21:16:42-----
Array
(
    [payment_status] => Completed
    [order_id] => 21822
)


-----2024-05-09 21:16:52-----
Array
(
    [payment_status] => Completed
    [order_id] => 21822
)


-----2024-05-10 08:06:40-----
Array
(
    [payment_status] => Completed
    [order_id] => 21824
)


-----2024-05-10 23:27:30-----
Array
(
    [payment_status] => Completed
    [order_id] => 21825
)


-----2024-05-10 23:27:40-----
Array
(
    [payment_status] => Completed
    [order_id] => 21825
)


-----2024-05-11 23:07:06-----
Array
(
    [payment_status] => Completed
    [order_id] => 21827
)


-----2024-05-13 10:10:50-----
Array
(
    [payment_status] => Completed
    [order_id] => 21889
)


-----2024-05-13 10:31:49-----
Array
(
    [payment_status] => Completed
    [order_id] => 21890
)


-----2024-05-13 14:12:06-----
Array
(
    [payment_status] => Completed
    [order_id] => 21895
)


-----2024-05-13 19:46:30-----
Array
(
    [payment_status] => Completed
    [order_id] => 21897
)


-----2024-05-14 08:56:15-----
Array
(
    [payment_status] => Completed
    [order_id] => 21900
)


-----2024-05-14 10:01:01-----
Array
(
    [payment_status] => Completed
    [order_id] => 21901
)


-----2024-05-14 10:01:10-----
Array
(
    [payment_status] => Completed
    [order_id] => 21901
)


-----2024-05-14 12:34:31-----
Array
(
    [payment_status] => Completed
    [order_id] => 21902
)


-----2024-05-14 13:20:46-----
Array
(
    [payment_status] => Completed
    [order_id] => 21903
)


-----2024-05-14 14:48:32-----
Array
(
    [payment_status] => Completed
    [order_id] => 21904
)


-----2024-05-15 14:30:57-----
Array
(
    [payment_status] => Completed
    [order_id] => 21922
)


-----2024-05-15 14:31:02-----
Array
(
    [payment_status] => Completed
    [order_id] => 21922
)


-----2024-05-16 14:08:13-----
Array
(
    [payment_status] => Completed
    [order_id] => 21930
)


-----2024-05-16 15:55:02-----
Array
(
    [payment_status] => Completed
    [order_id] => 21931
)


-----2024-05-16 16:04:01-----
Array
(
    [payment_status] => Completed
    [order_id] => 21932
)


-----2024-05-16 19:27:56-----
Array
(
    [payment_status] => Completed
    [order_id] => 21935
)


-----2024-05-16 20:56:25-----
Array
(
    [payment_status] => Completed
    [order_id] => 21936
)


-----2024-05-16 23:55:31-----
Array
(
    [payment_status] => Completed
    [order_id] => 21937
)


-----2024-05-17 01:11:14-----
Array
(
    [payment_status] => Completed
    [order_id] => 21939
)


-----2024-05-17 01:11:23-----
Array
(
    [payment_status] => Completed
    [order_id] => 21939
)


-----2024-05-17 07:49:38-----
Array
(
    [payment_status] => Completed
    [order_id] => 21942
)


-----2024-05-17 08:38:22-----
Array
(
    [payment_status] => Completed
    [order_id] => 21943
)


-----2024-05-17 08:38:29-----
Array
(
    [payment_status] => Completed
    [order_id] => 21943
)


-----2024-05-17 10:42:51-----
Array
(
    [payment_status] => Completed
    [order_id] => 21946
)


-----2024-05-17 18:18:59-----
Array
(
    [payment_status] => Completed
    [order_id] => 21948
)


-----2024-05-19 21:37:25-----
Array
(
    [payment_status] => Completed
    [order_id] => 21954
)


-----2024-05-20 02:36:05-----
Array
(
    [payment_status] => Completed
    [order_id] => 21956
)


-----2024-05-20 19:36:05-----
Array
(
    [payment_status] => Completed
    [order_id] => 21958
)


-----2024-05-20 21:50:58-----
Array
(
    [payment_status] => Completed
    [order_id] => 21959
)


-----2024-05-20 22:28:42-----
Array
(
    [payment_status] => Completed
    [order_id] => 21960
)


-----2024-05-21 14:43:08-----
Array
(
    [payment_status] => Completed
    [order_id] => 21968
)


-----2024-05-21 18:16:43-----
Array
(
    [payment_status] => Completed
    [order_id] => 21969
)


-----2024-05-21 19:15:07-----
Array
(
    [payment_status] => Completed
    [order_id] => 21970
)


-----2024-05-22 01:42:22-----
Array
(
    [payment_status] => Completed
    [order_id] => 21971
)


-----2024-05-22 05:00:28-----
Array
(
    [payment_status] => Completed
    [order_id] => 21973
)


-----2024-05-22 11:20:12-----
Array
(
    [payment_status] => Completed
    [order_id] => 21978
)


-----2024-05-22 13:59:56-----
Array
(
    [payment_status] => Completed
    [order_id] => 21979
)


-----2024-05-24 06:29:46-----
Array
(
    [payment_status] => Completed
    [order_id] => 22145
)


-----2024-05-24 06:29:58-----
Array
(
    [payment_status] => Completed
    [order_id] => 22145
)


-----2024-05-24 11:14:35-----
Array
(
    [payment_status] => Completed
    [order_id] => 22146
)


-----2024-05-24 11:51:21-----
Array
(
    [payment_status] => Completed
    [order_id] => 22147
)


-----2024-05-24 13:50:44-----
Array
(
    [payment_status] => Completed
    [order_id] => 22148
)


-----2024-05-24 17:20:23-----
Array
(
    [payment_status] => Completed
    [order_id] => 22149
)


-----2024-05-27 10:07:58-----
Array
(
    [payment_status] => Completed
    [order_id] => 22531
)


-----2024-05-27 12:52:27-----
Array
(
    [payment_status] => Completed
    [order_id] => 22619
)


-----2024-05-27 13:23:06-----
Array
(
    [payment_status] => Completed
    [order_id] => 22620
)


-----2024-05-27 14:18:25-----
Array
(
    [payment_status] => Completed
    [order_id] => 22622
)


-----2024-05-27 15:12:13-----
Array
(
    [payment_status] => Completed
    [order_id] => 22630
)


-----2024-05-27 16:40:59-----
Array
(
    [payment_status] => Completed
    [order_id] => 22635
)


-----2024-05-28 02:30:27-----
Array
(
    [payment_status] => Completed
    [order_id] => 22637
)


-----2024-05-28 06:27:24-----
Array
(
    [payment_status] => Completed
    [order_id] => 22638
)


-----2024-05-28 09:49:38-----
Array
(
    [payment_status] => Completed
    [order_id] => 22648
)


-----2024-05-28 12:55:28-----
Array
(
    [payment_status] => Completed
    [order_id] => 22655
)


-----2024-05-28 17:30:19-----
Array
(
    [payment_status] => Completed
    [order_id] => 22657
)


-----2024-05-28 20:14:22-----
Array
(
    [payment_status] => Completed
    [order_id] => 22658
)


-----2024-05-28 22:06:11-----
Array
(
    [payment_status] => Completed
    [order_id] => 22659
)


